<?xml version="1.0" encoding="UTF-8"?>
<!-- Generated by org.testng.reporters.JUnitXMLReporter -->
<testsuite ignored="0" hostname="IN-6SJK1N3" failures="0" tests="5" name="TestChrome" time="62.306" errors="0" timestamp="2023-09-12T09:46:54 IST">
  <testcase classname="TestCases.Login_OpenCart_Test" name="loginApplication" time="11.16"/>
  <testcase classname="TestCases.Login_OpenCart_Test" name="loginApplication" time="10.634"/>
  <testcase classname="TestCases.Login_OpenCart_Test" name="loginApplication" time="10.617"/>
  <testcase classname="TestCases.Login_OpenCart_Test" name="loginApplication" time="10.628"/>
  <testcase classname="TestCases.Login_OpenCart_Test" name="loginApplication" time="10.632"/>
</testsuite> <!-- TestChrome -->
