<?xml version="1.0" encoding="UTF-8"?>
<!-- Generated by org.testng.reporters.JUnitXMLReporter -->
<testsuite ignored="0" hostname="IN-6SJK1N3" failures="0" tests="5" name="TestChrome" time="59.359" errors="0" timestamp="2023-09-13T11:12:06 IST">
  <testcase classname="TestCases.Login_OpenCart_Test" name="loginApplication" time="10.951"/>
  <testcase classname="TestCases.Login_OpenCart_Test" name="loginApplication" time="10.56"/>
  <testcase classname="TestCases.Login_OpenCart_Test" name="loginApplication" time="10.967"/>
  <testcase classname="TestCases.Login_OpenCart_Test" name="loginApplication" time="10.981"/>
  <testcase classname="TestCases.Login_OpenCart_Test" name="loginApplication" time="10.559"/>
</testsuite> <!-- TestChrome -->
