<?xml version="1.0" encoding="UTF-8"?>
<testsuite xmlns:xsi="http://www.w3.org/2001/XMLSchema-instance" xsi:noNamespaceSchemaLocation="https://maven.apache.org/surefire/maven-surefire-plugin/xsd/surefire-test-report-3.0.xsd" version="3.0" name="TestSuite" time="60.227" tests="5" errors="0" skipped="0" failures="0">
  <properties>
[...]
</properties>
  <testcase name="loginApplication[pavanoltraining@gmail.com, test@123, Invalid](1)" classname="TestCases.Login_OpenCart_Test" time="11.138">
    <system-err><![CDATA[SLF4J: Failed to load class "org.slf4j.impl.StaticLoggerBinder".
SLF4J: Defaulting to no-operation (NOP) logger implementation
SLF4J: See http://www.slf4j.org/codes.html#StaticLoggerBinder for further details.
Sep 13, 2023 11:11:07 AM org.openqa.selenium.manager.SeleniumManager lambda$runCommand$1
INFO: Driver path: C:\Users\arunparashar\.cache\selenium\chromedriver\win64\116.0.5845.96\chromedriver.exe
Sep 13, 2023 11:11:07 AM org.openqa.selenium.manager.SeleniumManager lambda$runCommand$1
INFO: Browser path: C:\Users\arunparashar\AppData\Local\Google\Chrome\Application\chrome.exe
]]></system-err>
  </testcase>
  <testcase name="loginApplication[lakshmi@yahoo.com, Laxmi, Invalid](2)" classname="TestCases.Login_OpenCart_Test" time="10.715"/>
  <testcase name="loginApplication[laksh@yahoo.com, Lakshmi, Invalid](3)" classname="TestCases.Login_OpenCart_Test" time="11.098"/>
  <testcase name="loginApplication[laks@yahoo.com, xyz, Invalid](4)" classname="TestCases.Login_OpenCart_Test" time="11.112"/>
  <testcase name="loginApplication[abc123@gmail.com, test@123, Invalid](5)" classname="TestCases.Login_OpenCart_Test" time="10.695"/>
</testsuite>