<?xml version="1.0" encoding="UTF-8"?>
<testng-results ignored="0" total="5" passed="5" failed="0" skipped="0">
  <reporter-output>
  </reporter-output>
  <suite started-at="2023-09-12T09:45:51 IST" name="Suite" finished-at="2023-09-12T09:46:54 IST" duration-ms="62306">
    <groups>
    </groups>
    <test started-at="2023-09-12T09:45:51 IST" name="TestChrome" finished-at="2023-09-12T09:46:54 IST" duration-ms="62306">
      <class name="TestCases.Login_OpenCart_Test">
        <test-method is-config="true" signature="OpenApp(java.lang.String)[pri:0, instance:TestCases.Login_OpenCart_Test@7161d8d1]" started-at="2023-09-12T09:45:51 IST" name="OpenApp" finished-at="2023-09-12T09:45:59 IST" duration-ms="7220" status="PASS">
          <params>
            <param index="0">
              <value>
                <![CDATA[chrome]]>
              </value>
            </param>
          </params>
          <reporter-output>
          </reporter-output>
        </test-method> <!-- OpenApp -->
        <test-method signature="loginApplication(java.lang.String,java.lang.String,java.lang.String)[pri:0, instance:TestCases.Login_OpenCart_Test@7161d8d1]" started-at="2023-09-12T09:45:59 IST" name="loginApplication" data-provider="loginData" finished-at="2023-09-12T09:46:11 IST" duration-ms="11160" status="PASS">
          <params>
            <param index="0">
              <value>
                <![CDATA[pavanoltraining@gmail.com]]>
              </value>
            </param>
            <param index="1">
              <value>
                <![CDATA[test@123]]>
              </value>
            </param>
            <param index="2">
              <value>
                <![CDATA[Invalid]]>
              </value>
            </param>
          </params>
          <reporter-output>
          </reporter-output>
        </test-method> <!-- loginApplication -->
        <test-method signature="loginApplication(java.lang.String,java.lang.String,java.lang.String)[pri:0, instance:TestCases.Login_OpenCart_Test@7161d8d1]" started-at="2023-09-12T09:46:11 IST" name="loginApplication" data-provider="loginData" finished-at="2023-09-12T09:46:21 IST" duration-ms="10634" status="PASS">
          <params>
            <param index="0">
              <value>
                <![CDATA[lakshmi@yahoo.com]]>
              </value>
            </param>
            <param index="1">
              <value>
                <![CDATA[Laxmi]]>
              </value>
            </param>
            <param index="2">
              <value>
                <![CDATA[Invalid]]>
              </value>
            </param>
          </params>
          <reporter-output>
          </reporter-output>
        </test-method> <!-- loginApplication -->
        <test-method signature="loginApplication(java.lang.String,java.lang.String,java.lang.String)[pri:0, instance:TestCases.Login_OpenCart_Test@7161d8d1]" started-at="2023-09-12T09:46:21 IST" name="loginApplication" data-provider="loginData" finished-at="2023-09-12T09:46:32 IST" duration-ms="10617" status="PASS">
          <params>
            <param index="0">
              <value>
                <![CDATA[laksh@yahoo.com]]>
              </value>
            </param>
            <param index="1">
              <value>
                <![CDATA[Lakshmi]]>
              </value>
            </param>
            <param index="2">
              <value>
                <![CDATA[Invalid]]>
              </value>
            </param>
          </params>
          <reporter-output>
          </reporter-output>
        </test-method> <!-- loginApplication -->
        <test-method signature="loginApplication(java.lang.String,java.lang.String,java.lang.String)[pri:0, instance:TestCases.Login_OpenCart_Test@7161d8d1]" started-at="2023-09-12T09:46:32 IST" name="loginApplication" data-provider="loginData" finished-at="2023-09-12T09:46:43 IST" duration-ms="10628" status="PASS">
          <params>
            <param index="0">
              <value>
                <![CDATA[laks@yahoo.com]]>
              </value>
            </param>
            <param index="1">
              <value>
                <![CDATA[xyz]]>
              </value>
            </param>
            <param index="2">
              <value>
                <![CDATA[Invalid]]>
              </value>
            </param>
          </params>
          <reporter-output>
          </reporter-output>
        </test-method> <!-- loginApplication -->
        <test-method signature="loginApplication(java.lang.String,java.lang.String,java.lang.String)[pri:0, instance:TestCases.Login_OpenCart_Test@7161d8d1]" started-at="2023-09-12T09:46:43 IST" name="loginApplication" data-provider="loginData" finished-at="2023-09-12T09:46:53 IST" duration-ms="10632" status="PASS">
          <params>
            <param index="0">
              <value>
                <![CDATA[abc123@gmail.com]]>
              </value>
            </param>
            <param index="1">
              <value>
                <![CDATA[test@123]]>
              </value>
            </param>
            <param index="2">
              <value>
                <![CDATA[Invalid]]>
              </value>
            </param>
          </params>
          <reporter-output>
          </reporter-output>
        </test-method> <!-- loginApplication -->
        <test-method is-config="true" signature="tearDown()[pri:0, instance:TestCases.Login_OpenCart_Test@7161d8d1]" started-at="2023-09-12T09:46:53 IST" name="tearDown" finished-at="2023-09-12T09:46:54 IST" duration-ms="395" status="PASS">
          <reporter-output>
          </reporter-output>
        </test-method> <!-- tearDown -->
      </class> <!-- TestCases.Login_OpenCart_Test -->
    </test> <!-- TestChrome -->
  </suite> <!-- Suite -->
</testng-results>
